  AudioManager.cpp
  Color.cpp
  Event.cpp
  EventListener.cpp
  EventSystem.cpp
  Font.cpp
  GraphicsBuffer.cpp
  GraphicsSystem.cpp
  InputSystem.cpp
  KeyEvent.cpp
  Sprite.cpp
  System.cpp
  Generating Code...
SDL2_image.lib(SDL2_image.dll) : warning LNK4006: __NULL_IMPORT_DESCRIPTOR already defined in SDL2.lib(SDL2.dll); second definition ignored
SDL2_image.lib(SDL2_image.dll) : warning LNK4221: This object file does not define any previously undefined public symbols, so it will not be used by any link operation that consumes this library
SDL2_ttf.lib(SDL2_ttf.dll) : warning LNK4006: __NULL_IMPORT_DESCRIPTOR already defined in SDL2.lib(SDL2.dll); second definition ignored
SDL2_ttf.lib(SDL2_ttf.dll) : warning LNK4221: This object file does not define any previously undefined public symbols, so it will not be used by any link operation that consumes this library
SDL2_mixer.lib(SDL2_mixer.dll) : warning LNK4006: __NULL_IMPORT_DESCRIPTOR already defined in SDL2.lib(SDL2.dll); second definition ignored
SDL2_mixer.lib(SDL2_mixer.dll) : warning LNK4221: This object file does not define any previously undefined public symbols, so it will not be used by any link operation that consumes this library
  GraphicsLib.vcxproj -> D:\Repository Files\Mario Game Arch\Belcher-Siehl\finalProject\GraphicsLib\Debug\GraphicsLib.lib
